<?xml version="1.0" encoding="UTF-8" ?>
<testsuite failures="0" time="0.016" errors="0" skipped="0" tests="19" name="pl.kwi.chrisblog.services.impl.ArticleServiceTest">
  <properties>
[...]
</properties>
  <testcase time="0" classname="pl.kwi.chrisblog.services.impl.ArticleServiceTest" name="getArticleFromListByUniqueName"/>
  <testcase time="0" classname="pl.kwi.chrisblog.services.impl.ArticleServiceTest" name="getArticleListByCategoryId"/>
  <testcase time="0" classname="pl.kwi.chrisblog.services.impl.ArticleServiceTest" name="getArticleFromListById"/>
  <testcase time="0" classname="pl.kwi.chrisblog.services.impl.ArticleServiceTest" name="convertArticlesToDisplayableForm"/>
  <testcase time="0" classname="pl.kwi.chrisblog.services.impl.ArticleServiceTest" name="getArticleListByCategoryId_CategoryIdNull"/>
  <testcase time="0" classname="pl.kwi.chrisblog.services.impl.ArticleServiceTest" name="getArticleListByCategoryId_LocaleNull"/>
  <testcase time="0" classname="pl.kwi.chrisblog.services.impl.ArticleServiceTest" name="getArticleListByCategoryId_NoArticleInCategory"/>
  <testcase time="0" classname="pl.kwi.chrisblog.services.impl.ArticleServiceTest" name="getArticleFromListById_ArticleListNull"/>
  <testcase time="0" classname="pl.kwi.chrisblog.services.impl.ArticleServiceTest" name="getArticleFromListById_ArticleIdNull"/>
  <testcase time="0" classname="pl.kwi.chrisblog.services.impl.ArticleServiceTest" name="getArticleFromListById_NoArticleInList"/>
  <testcase time="0" classname="pl.kwi.chrisblog.services.impl.ArticleServiceTest" name="getArticleFromListByUniqueName_ArticleListNull"/>
  <testcase time="0" classname="pl.kwi.chrisblog.services.impl.ArticleServiceTest" name="getArticleFromListByUniqueName_UniqueNameNull"/>
  <testcase time="0" classname="pl.kwi.chrisblog.services.impl.ArticleServiceTest" name="getArticleFromListByUniqueName_NoArticleInList"/>
  <testcase time="0" classname="pl.kwi.chrisblog.services.impl.ArticleServiceTest" name="countPageNumberForEveryArticleFromList_ArticlesOnPageNull"/>
  <testcase time="0" classname="pl.kwi.chrisblog.services.impl.ArticleServiceTest" name="countPageNumberForEveryArticleFromList_ArticleListNull"/>
  <testcase time="0" classname="pl.kwi.chrisblog.services.impl.ArticleServiceTest" name="countPageNumberForEveryArticleFromList_OneArticle"/>
  <testcase time="0" classname="pl.kwi.chrisblog.services.impl.ArticleServiceTest" name="countPageNumberForEveryArticleFromList_ThreeArticles"/>
  <testcase time="0" classname="pl.kwi.chrisblog.services.impl.ArticleServiceTest" name="countPageNumberForEveryArticleFromList_SixArticles"/>
  <testcase time="0" classname="pl.kwi.chrisblog.services.impl.ArticleServiceTest" name="countPageNumberForEveryArticleFromList_NineArticles"/>
</testsuite>